2026-03-31 15:58:39,045 [INFO] Run started | run_id=20260331_155839 | workers=26
2026-03-31 15:59:16,909 [INFO] Run started | run_id=20260331_155916 | workers=26
2026-03-31 16:26:31,786 [INFO] eGeMAPSv02 done | 2.5 min | 29460 segments
2026-03-31 16:27:57,411 [INFO] Feature CSV saved | shape=(189, 452) | path=outputs/features/full_scale_features.csv
2026-03-31 16:28:00,930 [INFO] Z-scored CSV saved | outputs/features/full_scale_features_zscored.csv
2026-03-31 16:37:24,171 [ERROR] 310_P: Whisper failed - [Errno 2] No such file or directory: 'ffmpeg'
2026-03-31 16:37:24,174 [ERROR] 311_P: Whisper failed - [Errno 2] No such file or directory: 'ffmpeg'
2026-03-31 16:37:24,177 [ERROR] 312_P: Whisper failed - [Errno 2] No such file or directory: 'ffmpeg'
2026-03-31 16:37:24,180 [ERROR] 313_P: Whisper failed - [Errno 2] No such file or directory: 'ffmpeg'
2026-03-31 16:37:24,183 [ERROR] 314_P: Whisper failed - [Errno 2] No such file or directory: 'ffmpeg'
2026-03-31 16:37:24,184 [ERROR] 315_P: Whisper failed - [Errno 2] No such file or directory: 'ffmpeg'
2026-03-31 16:37:24,187 [ERROR] 316_P: Whisper failed - [Errno 2] No such file or directory: 'ffmpeg'
2026-03-31 16:37:24,189 [ERROR] 317_P: Whisper failed - [Errno 2] No such file or directory: 'ffmpeg'
2026-03-31 16:37:24,190 [ERROR] 318_P: Whisper failed - [Errno 2] No such file or directory: 'ffmpeg'
2026-03-31 16:37:24,193 [ERROR] 319_P: Whisper failed - [Errno 2] No such file or directory: 'ffmpeg'
2026-03-31 16:37:24,195 [ERROR] 320_P: Whisper failed - [Errno 2] No such file or directory: 'ffmpeg'
2026-03-31 16:37:24,197 [ERROR] 321_P: Whisper failed - [Errno 2] No such file or directory: 'ffmpeg'
2026-03-31 16:37:24,198 [ERROR] 322_P: Whisper failed - [Errno 2] No such file or directory: 'ffmpeg'
2026-03-31 16:37:24,201 [ERROR] 323_P: Whisper failed - [Errno 2] No such file or directory: 'ffmpeg'
2026-03-31 16:37:24,203 [ERROR] 324_P: Whisper failed - [Errno 2] No such file or directory: 'ffmpeg'
2026-03-31 16:37:24,205 [ERROR] 325_P: Whisper failed - [Errno 2] No such file or directory: 'ffmpeg'
2026-03-31 16:37:24,207 [ERROR] 326_P: Whisper failed - [Errno 2] No such file or directory: 'ffmpeg'
2026-03-31 16:37:24,208 [ERROR] 327_P: Whisper failed - [Errno 2] No such file or directory: 'ffmpeg'
2026-03-31 16:37:24,211 [ERROR] 328_P: Whisper failed - [Errno 2] No such file or directory: 'ffmpeg'
2026-03-31 16:37:24,212 [ERROR] 329_P: Whisper failed - [Errno 2] No such file or directory: 'ffmpeg'
2026-03-31 16:37:24,214 [ERROR] 330_P: Whisper failed - [Errno 2] No such file or directory: 'ffmpeg'
2026-03-31 16:37:24,216 [ERROR] 331_P: Whisper failed - [Errno 2] No such file or directory: 'ffmpeg'
2026-03-31 16:37:24,217 [ERROR] 332_P: Whisper failed - [Errno 2] No such file or directory: 'ffmpeg'
2026-03-31 16:37:24,219 [ERROR] 333_P: Whisper failed - [Errno 2] No such file or directory: 'ffmpeg'
2026-03-31 16:37:24,220 [ERROR] 334_P: Whisper failed - [Errno 2] No such file or directory: 'ffmpeg'
2026-03-31 16:37:24,221 [ERROR] 335_P: Whisper failed - [Errno 2] No such file or directory: 'ffmpeg'
2026-03-31 16:37:24,223 [ERROR] 336_P: Whisper failed - [Errno 2] No such file or directory: 'ffmpeg'
2026-03-31 16:37:24,226 [ERROR] 337_P: Whisper failed - [Errno 2] No such file or directory: 'ffmpeg'
2026-03-31 16:37:24,227 [ERROR] 338_P: Whisper failed - [Errno 2] No such file or directory: 'ffmpeg'
2026-03-31 16:37:24,228 [ERROR] 339_P: Whisper failed - [Errno 2] No such file or directory: 'ffmpeg'
2026-03-31 16:37:24,230 [ERROR] 340_P: Whisper failed - [Errno 2] No such file or directory: 'ffmpeg'
2026-03-31 16:37:24,231 [ERROR] 341_P: Whisper failed - [Errno 2] No such file or directory: 'ffmpeg'
2026-03-31 16:37:24,233 [ERROR] 343_P: Whisper failed - [Errno 2] No such file or directory: 'ffmpeg'
2026-03-31 16:37:24,236 [ERROR] 344_P: Whisper failed - [Errno 2] No such file or directory: 'ffmpeg'
2026-03-31 16:37:24,239 [ERROR] 345_P: Whisper failed - [Errno 2] No such file or directory: 'ffmpeg'
2026-03-31 16:37:24,241 [ERROR] 346_P: Whisper failed - [Errno 2] No such file or directory: 'ffmpeg'
2026-03-31 16:37:24,243 [ERROR] 347_P: Whisper failed - [Errno 2] No such file or directory: 'ffmpeg'
2026-03-31 16:37:24,244 [ERROR] 348_P: Whisper failed - [Errno 2] No such file or directory: 'ffmpeg'
2026-03-31 16:37:24,245 [ERROR] 349_P: Whisper failed - [Errno 2] No such file or directory: 'ffmpeg'
2026-03-31 16:37:24,247 [ERROR] 350_P: Whisper failed - [Errno 2] No such file or directory: 'ffmpeg'
2026-03-31 16:37:24,248 [ERROR] 351_P: Whisper failed - [Errno 2] No such file or directory: 'ffmpeg'
2026-03-31 16:37:24,250 [ERROR] 352_P: Whisper failed - [Errno 2] No such file or directory: 'ffmpeg'
2026-03-31 16:37:24,251 [ERROR] 353_P: Whisper failed - [Errno 2] No such file or directory: 'ffmpeg'
2026-03-31 16:37:24,252 [ERROR] 354_P: Whisper failed - [Errno 2] No such file or directory: 'ffmpeg'
2026-03-31 16:37:24,254 [ERROR] 355_P: Whisper failed - [Errno 2] No such file or directory: 'ffmpeg'
2026-03-31 16:37:24,255 [ERROR] 356_P: Whisper failed - [Errno 2] No such file or directory: 'ffmpeg'
2026-03-31 16:37:24,257 [ERROR] 357_P: Whisper failed - [Errno 2] No such file or directory: 'ffmpeg'
2026-03-31 16:37:24,259 [ERROR] 358_P: Whisper failed - [Errno 2] No such file or directory: 'ffmpeg'
2026-03-31 16:37:24,260 [ERROR] 359_P: Whisper failed - [Errno 2] No such file or directory: 'ffmpeg'
2026-03-31 16:37:24,261 [ERROR] 360_P: Whisper failed - [Errno 2] No such file or directory: 'ffmpeg'
2026-03-31 16:37:24,263 [ERROR] 361_P: Whisper failed - [Errno 2] No such file or directory: 'ffmpeg'
2026-03-31 16:37:24,264 [ERROR] 362_P: Whisper failed - [Errno 2] No such file or directory: 'ffmpeg'
2026-03-31 16:37:24,266 [ERROR] 363_P: Whisper failed - [Errno 2] No such file or directory: 'ffmpeg'
2026-03-31 16:37:24,267 [ERROR] 364_P: Whisper failed - [Errno 2] No such file or directory: 'ffmpeg'
2026-03-31 16:37:24,269 [ERROR] 365_P: Whisper failed - [Errno 2] No such file or directory: 'ffmpeg'
2026-03-31 16:37:24,270 [ERROR] 366_P: Whisper failed - [Errno 2] No such file or directory: 'ffmpeg'
2026-03-31 16:37:24,272 [ERROR] 367_P: Whisper failed - [Errno 2] No such file or directory: 'ffmpeg'
2026-03-31 16:37:24,273 [ERROR] 368_P: Whisper failed - [Errno 2] No such file or directory: 'ffmpeg'
2026-03-31 16:37:24,275 [ERROR] 369_P: Whisper failed - [Errno 2] No such file or directory: 'ffmpeg'
2026-03-31 16:37:24,276 [ERROR] 370_P: Whisper failed - [Errno 2] No such file or directory: 'ffmpeg'
2026-03-31 16:37:24,277 [ERROR] 371_P: Whisper failed - [Errno 2] No such file or directory: 'ffmpeg'
2026-03-31 16:37:24,278 [ERROR] 372_P: Whisper failed - [Errno 2] No such file or directory: 'ffmpeg'
2026-03-31 16:37:24,280 [ERROR] 373_P: Whisper failed - [Errno 2] No such file or directory: 'ffmpeg'
2026-03-31 16:37:24,282 [ERROR] 374_P: Whisper failed - [Errno 2] No such file or directory: 'ffmpeg'
2026-03-31 16:37:24,283 [ERROR] 375_P: Whisper failed - [Errno 2] No such file or directory: 'ffmpeg'
2026-03-31 16:37:24,285 [ERROR] 376_P: Whisper failed - [Errno 2] No such file or directory: 'ffmpeg'
2026-03-31 16:37:24,287 [ERROR] 377_P: Whisper failed - [Errno 2] No such file or directory: 'ffmpeg'
2026-03-31 16:37:24,288 [ERROR] 378_P: Whisper failed - [Errno 2] No such file or directory: 'ffmpeg'
2026-03-31 16:37:24,289 [ERROR] 379_P: Whisper failed - [Errno 2] No such file or directory: 'ffmpeg'
2026-03-31 16:37:24,291 [ERROR] 380_P: Whisper failed - [Errno 2] No such file or directory: 'ffmpeg'
2026-03-31 16:37:24,293 [ERROR] 381_P: Whisper failed - [Errno 2] No such file or directory: 'ffmpeg'
2026-03-31 16:37:24,294 [ERROR] 382_P: Whisper failed - [Errno 2] No such file or directory: 'ffmpeg'
2026-03-31 16:37:24,297 [ERROR] 383_P: Whisper failed - [Errno 2] No such file or directory: 'ffmpeg'
2026-03-31 16:37:24,299 [ERROR] 384_P: Whisper failed - [Errno 2] No such file or directory: 'ffmpeg'
2026-03-31 16:37:24,301 [ERROR] 385_P: Whisper failed - [Errno 2] No such file or directory: 'ffmpeg'
2026-03-31 16:37:24,303 [ERROR] 386_P: Whisper failed - [Errno 2] No such file or directory: 'ffmpeg'
2026-03-31 16:37:24,305 [ERROR] 387_P: Whisper failed - [Errno 2] No such file or directory: 'ffmpeg'
2026-03-31 16:37:24,306 [ERROR] 388_P: Whisper failed - [Errno 2] No such file or directory: 'ffmpeg'
2026-03-31 16:37:24,307 [ERROR] 389_P: Whisper failed - [Errno 2] No such file or directory: 'ffmpeg'
2026-03-31 16:37:24,309 [ERROR] 390_P: Whisper failed - [Errno 2] No such file or directory: 'ffmpeg'
2026-03-31 16:37:24,311 [ERROR] 391_P: Whisper failed - [Errno 2] No such file or directory: 'ffmpeg'
2026-03-31 16:37:24,312 [ERROR] 392_P: Whisper failed - [Errno 2] No such file or directory: 'ffmpeg'
2026-03-31 16:37:24,314 [ERROR] 393_P: Whisper failed - [Errno 2] No such file or directory: 'ffmpeg'
2026-03-31 16:37:24,315 [ERROR] 395_P: Whisper failed - [Errno 2] No such file or directory: 'ffmpeg'
2026-03-31 16:37:24,317 [ERROR] 396_P: Whisper failed - [Errno 2] No such file or directory: 'ffmpeg'
2026-03-31 16:37:24,318 [ERROR] 397_P: Whisper failed - [Errno 2] No such file or directory: 'ffmpeg'
2026-03-31 16:37:24,319 [ERROR] 399_P: Whisper failed - [Errno 2] No such file or directory: 'ffmpeg'
2026-03-31 16:37:24,321 [ERROR] 400_P: Whisper failed - [Errno 2] No such file or directory: 'ffmpeg'
2026-03-31 16:37:24,322 [ERROR] 401_P: Whisper failed - [Errno 2] No such file or directory: 'ffmpeg'
2026-03-31 16:37:24,324 [ERROR] 402_P: Whisper failed - [Errno 2] No such file or directory: 'ffmpeg'
2026-03-31 16:37:24,326 [ERROR] 403_P: Whisper failed - [Errno 2] No such file or directory: 'ffmpeg'
2026-03-31 16:37:24,327 [ERROR] 404_P: Whisper failed - [Errno 2] No such file or directory: 'ffmpeg'
2026-03-31 16:37:24,329 [ERROR] 405_P: Whisper failed - [Errno 2] No such file or directory: 'ffmpeg'
2026-03-31 16:37:24,330 [ERROR] 406_P: Whisper failed - [Errno 2] No such file or directory: 'ffmpeg'
2026-03-31 16:37:24,332 [ERROR] 407_P: Whisper failed - [Errno 2] No such file or directory: 'ffmpeg'
2026-03-31 16:37:24,334 [ERROR] 408_P: Whisper failed - [Errno 2] No such file or directory: 'ffmpeg'
2026-03-31 16:37:24,336 [ERROR] 409_P: Whisper failed - [Errno 2] No such file or directory: 'ffmpeg'
2026-03-31 16:37:24,337 [ERROR] 410_P: Whisper failed - [Errno 2] No such file or directory: 'ffmpeg'
2026-03-31 16:37:24,338 [ERROR] 411_P: Whisper failed - [Errno 2] No such file or directory: 'ffmpeg'
2026-03-31 16:37:24,340 [ERROR] 412_P: Whisper failed - [Errno 2] No such file or directory: 'ffmpeg'
2026-03-31 16:37:24,342 [ERROR] 413_P: Whisper failed - [Errno 2] No such file or directory: 'ffmpeg'
2026-03-31 16:37:24,343 [ERROR] 414_P: Whisper failed - [Errno 2] No such file or directory: 'ffmpeg'
2026-03-31 16:37:24,345 [ERROR] 415_P: Whisper failed - [Errno 2] No such file or directory: 'ffmpeg'
2026-03-31 16:37:24,346 [ERROR] 416_P: Whisper failed - [Errno 2] No such file or directory: 'ffmpeg'
2026-03-31 16:37:24,347 [ERROR] 417_P: Whisper failed - [Errno 2] No such file or directory: 'ffmpeg'
2026-03-31 16:37:24,349 [ERROR] 418_P: Whisper failed - [Errno 2] No such file or directory: 'ffmpeg'
2026-03-31 16:37:24,350 [ERROR] 419_P: Whisper failed - [Errno 2] No such file or directory: 'ffmpeg'
2026-03-31 16:37:24,351 [ERROR] 420_P: Whisper failed - [Errno 2] No such file or directory: 'ffmpeg'
2026-03-31 16:37:24,352 [ERROR] 421_P: Whisper failed - [Errno 2] No such file or directory: 'ffmpeg'
2026-03-31 16:37:24,353 [ERROR] 422_P: Whisper failed - [Errno 2] No such file or directory: 'ffmpeg'
2026-03-31 16:37:24,355 [ERROR] 423_P: Whisper failed - [Errno 2] No such file or directory: 'ffmpeg'
2026-03-31 16:37:24,356 [ERROR] 424_P: Whisper failed - [Errno 2] No such file or directory: 'ffmpeg'
2026-03-31 16:37:24,357 [ERROR] 425_P: Whisper failed - [Errno 2] No such file or directory: 'ffmpeg'
2026-03-31 16:37:24,359 [ERROR] 426_P: Whisper failed - [Errno 2] No such file or directory: 'ffmpeg'
2026-03-31 16:37:24,360 [ERROR] 427_P: Whisper failed - [Errno 2] No such file or directory: 'ffmpeg'
2026-03-31 16:37:24,362 [ERROR] 428_P: Whisper failed - [Errno 2] No such file or directory: 'ffmpeg'
2026-03-31 16:37:24,363 [ERROR] 429_P: Whisper failed - [Errno 2] No such file or directory: 'ffmpeg'
2026-03-31 16:37:24,365 [ERROR] 430_P: Whisper failed - [Errno 2] No such file or directory: 'ffmpeg'
2026-03-31 16:37:24,367 [ERROR] 431_P: Whisper failed - [Errno 2] No such file or directory: 'ffmpeg'
2026-03-31 16:37:24,369 [ERROR] 432_P: Whisper failed - [Errno 2] No such file or directory: 'ffmpeg'
2026-03-31 16:37:24,371 [ERROR] 433_P: Whisper failed - [Errno 2] No such file or directory: 'ffmpeg'
2026-03-31 16:37:24,373 [ERROR] 434_P: Whisper failed - [Errno 2] No such file or directory: 'ffmpeg'
2026-03-31 16:37:24,375 [ERROR] 435_P: Whisper failed - [Errno 2] No such file or directory: 'ffmpeg'
2026-03-31 16:37:24,377 [ERROR] 436_P: Whisper failed - [Errno 2] No such file or directory: 'ffmpeg'
2026-03-31 16:37:24,378 [ERROR] 437_P: Whisper failed - [Errno 2] No such file or directory: 'ffmpeg'
2026-03-31 16:37:24,381 [ERROR] 438_P: Whisper failed - [Errno 2] No such file or directory: 'ffmpeg'
2026-03-31 16:37:24,382 [ERROR] 439_P: Whisper failed - [Errno 2] No such file or directory: 'ffmpeg'
2026-03-31 16:37:24,384 [ERROR] 440_P: Whisper failed - [Errno 2] No such file or directory: 'ffmpeg'
2026-03-31 16:37:24,385 [ERROR] 441_P: Whisper failed - [Errno 2] No such file or directory: 'ffmpeg'
2026-03-31 16:37:24,387 [ERROR] 442_P: Whisper failed - [Errno 2] No such file or directory: 'ffmpeg'
2026-03-31 16:37:24,389 [ERROR] 443_P: Whisper failed - [Errno 2] No such file or directory: 'ffmpeg'
2026-03-31 16:37:24,390 [ERROR] 444_P: Whisper failed - [Errno 2] No such file or directory: 'ffmpeg'
2026-03-31 16:37:24,392 [ERROR] 445_P: Whisper failed - [Errno 2] No such file or directory: 'ffmpeg'
2026-03-31 16:37:24,393 [ERROR] 446_P: Whisper failed - [Errno 2] No such file or directory: 'ffmpeg'
2026-03-31 16:37:24,395 [ERROR] 447_P: Whisper failed - [Errno 2] No such file or directory: 'ffmpeg'
2026-03-31 16:37:24,397 [ERROR] 448_P: Whisper failed - [Errno 2] No such file or directory: 'ffmpeg'
2026-03-31 16:37:24,398 [ERROR] 449_P: Whisper failed - [Errno 2] No such file or directory: 'ffmpeg'
2026-03-31 16:37:24,401 [ERROR] 450_P: Whisper failed - [Errno 2] No such file or directory: 'ffmpeg'
2026-03-31 16:37:24,402 [ERROR] 451_P: Whisper failed - [Errno 2] No such file or directory: 'ffmpeg'
2026-03-31 16:37:24,404 [ERROR] 452_P: Whisper failed - [Errno 2] No such file or directory: 'ffmpeg'
2026-03-31 16:37:24,406 [ERROR] 453_P: Whisper failed - [Errno 2] No such file or directory: 'ffmpeg'
2026-03-31 16:37:24,407 [ERROR] 454_P: Whisper failed - [Errno 2] No such file or directory: 'ffmpeg'
2026-03-31 16:37:24,409 [ERROR] 455_P: Whisper failed - [Errno 2] No such file or directory: 'ffmpeg'
2026-03-31 16:37:24,410 [ERROR] 456_P: Whisper failed - [Errno 2] No such file or directory: 'ffmpeg'
2026-03-31 16:37:24,412 [ERROR] 457_P: Whisper failed - [Errno 2] No such file or directory: 'ffmpeg'
2026-03-31 16:37:24,413 [ERROR] 458_P: Whisper failed - [Errno 2] No such file or directory: 'ffmpeg'
2026-03-31 16:37:24,414 [ERROR] 459_P: Whisper failed - [Errno 2] No such file or directory: 'ffmpeg'
2026-03-31 16:37:24,416 [ERROR] 461_P: Whisper failed - [Errno 2] No such file or directory: 'ffmpeg'
2026-03-31 16:37:24,417 [ERROR] 462_P: Whisper failed - [Errno 2] No such file or directory: 'ffmpeg'
2026-03-31 16:37:24,419 [ERROR] 463_P: Whisper failed - [Errno 2] No such file or directory: 'ffmpeg'
2026-03-31 16:37:24,420 [ERROR] 464_P: Whisper failed - [Errno 2] No such file or directory: 'ffmpeg'
2026-03-31 16:37:24,422 [ERROR] 465_P: Whisper failed - [Errno 2] No such file or directory: 'ffmpeg'
2026-03-31 16:37:24,423 [ERROR] 466_P: Whisper failed - [Errno 2] No such file or directory: 'ffmpeg'
2026-03-31 16:37:24,425 [ERROR] 467_P: Whisper failed - [Errno 2] No such file or directory: 'ffmpeg'
2026-03-31 16:37:24,427 [ERROR] 468_P: Whisper failed - [Errno 2] No such file or directory: 'ffmpeg'
2026-03-31 16:37:24,428 [ERROR] 469_P: Whisper failed - [Errno 2] No such file or directory: 'ffmpeg'
2026-03-31 16:37:24,430 [ERROR] 470_P: Whisper failed - [Errno 2] No such file or directory: 'ffmpeg'
2026-03-31 16:37:24,431 [ERROR] 471_P: Whisper failed - [Errno 2] No such file or directory: 'ffmpeg'
2026-03-31 16:37:24,432 [ERROR] 472_P: Whisper failed - [Errno 2] No such file or directory: 'ffmpeg'
2026-03-31 16:37:24,434 [ERROR] 473_P: Whisper failed - [Errno 2] No such file or directory: 'ffmpeg'
2026-03-31 16:37:24,436 [ERROR] 474_P: Whisper failed - [Errno 2] No such file or directory: 'ffmpeg'
2026-03-31 16:37:24,437 [ERROR] 475_P: Whisper failed - [Errno 2] No such file or directory: 'ffmpeg'
2026-03-31 16:37:24,439 [ERROR] 476_P: Whisper failed - [Errno 2] No such file or directory: 'ffmpeg'
2026-03-31 16:37:24,441 [ERROR] 477_P: Whisper failed - [Errno 2] No such file or directory: 'ffmpeg'
2026-03-31 16:37:24,442 [ERROR] 478_P: Whisper failed - [Errno 2] No such file or directory: 'ffmpeg'
2026-03-31 16:37:24,444 [ERROR] 479_P: Whisper failed - [Errno 2] No such file or directory: 'ffmpeg'
2026-03-31 16:37:24,445 [ERROR] 480_P: Whisper failed - [Errno 2] No such file or directory: 'ffmpeg'
2026-03-31 16:37:24,447 [ERROR] 481_P: Whisper failed - [Errno 2] No such file or directory: 'ffmpeg'
2026-03-31 16:37:24,448 [ERROR] 482_P: Whisper failed - [Errno 2] No such file or directory: 'ffmpeg'
2026-03-31 16:37:24,450 [ERROR] 483_P: Whisper failed - [Errno 2] No such file or directory: 'ffmpeg'
2026-03-31 16:37:24,451 [ERROR] 484_P: Whisper failed - [Errno 2] No such file or directory: 'ffmpeg'
2026-03-31 16:37:24,453 [ERROR] 485_P: Whisper failed - [Errno 2] No such file or directory: 'ffmpeg'
2026-03-31 16:37:24,454 [ERROR] 486_P: Whisper failed - [Errno 2] No such file or directory: 'ffmpeg'
2026-03-31 16:37:24,456 [ERROR] 487_P: Whisper failed - [Errno 2] No such file or directory: 'ffmpeg'
2026-03-31 16:37:24,458 [ERROR] 488_P: Whisper failed - [Errno 2] No such file or directory: 'ffmpeg'
2026-03-31 16:37:24,460 [ERROR] 489_P: Whisper failed - [Errno 2] No such file or directory: 'ffmpeg'
2026-03-31 16:37:24,462 [ERROR] 490_P: Whisper failed - [Errno 2] No such file or directory: 'ffmpeg'
2026-03-31 16:37:24,465 [ERROR] 491_P: Whisper failed - [Errno 2] No such file or directory: 'ffmpeg'
2026-03-31 16:37:24,466 [ERROR] 492_P: Whisper failed - [Errno 2] No such file or directory: 'ffmpeg'
